  title.cpp
  sceneXFile.cpp
  result.cpp
  player.cpp
  manager.cpp
  main.cpp
\\mac\home\documents\private\hal\教科\gm32\週プレ\週プレ\main.cpp(196): warning C4244: '引数': 'float' から 'int' への変換です。データが失われる可能性があります。
\\mac\home\documents\private\hal\教科\gm32\週プレ\週プレ\main.cpp(208): warning C4244: '引数': 'float' から 'int' への変換です。データが失われる可能性があります。
  gui.cpp
  gameOver.cpp
  game.cpp
  enemy.cpp
  コードを生成中...
  コンパイル中...
  stage.cpp
\\mac\home\documents\private\hal\教科\gm32\週プレ\週プレ\stage.cpp(60): warning C4018: '<': signed と unsigned の数値を比較しようとしました。
  sky.cpp
  score.cpp
  scene3D.cpp
  ruleManager.cpp
  number.cpp
  normalFade.cpp
  load.cpp
  IrregularityField.cpp
\\mac\home\documents\private\hal\教科\gm32\週プレ\週プレ\irregularityfield.cpp(120): warning C4244: '引数': 'int' から 'float' への変換です。データが失われる可能性があります。
\\mac\home\documents\private\hal\教科\gm32\週プレ\週プレ\irregularityfield.cpp(553): warning C4244: '引数': 'int' から 'FLOAT' への変換です。データが失われる可能性があります。
  input.cpp
  guiString.cpp
  guiPanel.cpp
  effectManager.cpp
  debugProc.cpp
  camera.cpp
  bullet.cpp
  bossAction.cpp
  コードを生成中...
\\mac\home\documents\private\hal\教科\gm32\週プレ\週プレ\bossaction.cpp(109): warning C4715: 'newtral::update': 値を返さないコントロール パスがあります。
\\mac\home\documents\private\hal\教科\gm32\週プレ\週プレ\bossaction.cpp(61): warning C4715: 'spreadAttack::update': 値を返さないコントロール パスがあります。
\\mac\home\documents\private\hal\教科\gm32\週プレ\週プレ\bossaction.cpp(94): warning C4715: 'concentrationAttack::update': 値を返さないコントロール パスがあります。
  スキップ中... (関連する変更は検出されませんでした)
  stencilShadow.cpp
Effekseer.lib(Effekseer.Color.obj) : warning LNK4099: PDB 'effekseer.pdb' が 'Effekseer.lib(Effekseer.Color.obj)' で、または '\\Mac\Home\Documents\private\HAL\教科\GM32\週プレ\Debug\effekseer.pdb' に見つかりません。デバッグ情報がないものとして、オブジェクトにリンクします。
Effekseer.lib(Effekseer.CriticalSection.obj) : warning LNK4099: PDB 'effekseer.pdb' が 'Effekseer.lib(Effekseer.CriticalSection.obj)' で、または '\\Mac\Home\Documents\private\HAL\教科\GM32\週プレ\Debug\effekseer.pdb' に見つかりません。デバッグ情報がないものとして、オブジェクトにリンクします。
Effekseer.lib(Effekseer.DefaultEffectLoader.obj) : warning LNK4099: PDB 'effekseer.pdb' が 'Effekseer.lib(Effekseer.DefaultEffectLoader.obj)' で、または '\\Mac\Home\Documents\private\HAL\教科\GM32\週プレ\Debug\effekseer.pdb' に見つかりません。デバッグ情報がないものとして、オブジェクトにリンクします。
Effekseer.lib(Effekseer.DefaultFile.obj) : warning LNK4099: PDB 'effekseer.pdb' が 'Effekseer.lib(Effekseer.DefaultFile.obj)' で、または '\\Mac\Home\Documents\private\HAL\教科\GM32\週プレ\Debug\effekseer.pdb' に見つかりません。デバッグ情報がないものとして、オブジェクトにリンクします。
Effekseer.lib(Effekseer.Effect.obj) : warning LNK4099: PDB 'effekseer.pdb' が 'Effekseer.lib(Effekseer.Effect.obj)' で、または '\\Mac\Home\Documents\private\HAL\教科\GM32\週プレ\Debug\effekseer.pdb' に見つかりません。デバッグ情報がないものとして、オブジェクトにリンクします。
Effekseer.lib(Effekseer.EffectNode.obj) : warning LNK4099: PDB 'effekseer.pdb' が 'Effekseer.lib(Effekseer.EffectNode.obj)' で、または '\\Mac\Home\Documents\private\HAL\教科\GM32\週プレ\Debug\effekseer.pdb' に見つかりません。デバッグ情報がないものとして、オブジェクトにリンクします。
Effekseer.lib(Effekseer.EffectNodeModel.obj) : warning LNK4099: PDB 'effekseer.pdb' が 'Effekseer.lib(Effekseer.EffectNodeModel.obj)' で、または '\\Mac\Home\Documents\private\HAL\教科\GM32\週プレ\Debug\effekseer.pdb' に見つかりません。デバッグ情報がないものとして、オブジェクトにリンクします。
Effekseer.lib(Effekseer.EffectNodeRibbon.obj) : warning LNK4099: PDB 'effekseer.pdb' が 'Effekseer.lib(Effekseer.EffectNodeRibbon.obj)' で、または '\\Mac\Home\Documents\private\HAL\教科\GM32\週プレ\Debug\effekseer.pdb' に見つかりません。デバッグ情報がないものとして、オブジェクトにリンクします。
Effekseer.lib(Effekseer.EffectNodeRing.obj) : warning LNK4099: PDB 'effekseer.pdb' が 'Effekseer.lib(Effekseer.EffectNodeRing.obj)' で、または '\\Mac\Home\Documents\private\HAL\教科\GM32\週プレ\Debug\effekseer.pdb' に見つかりません。デバッグ情報がないものとして、オブジェクトにリンクします。
Effekseer.lib(Effekseer.EffectNodeSprite.obj) : warning LNK4099: PDB 'effekseer.pdb' が 'Effekseer.lib(Effekseer.EffectNodeSprite.obj)' で、または '\\Mac\Home\Documents\private\HAL\教科\GM32\週プレ\Debug\effekseer.pdb' に見つかりません。デバッグ情報がないものとして、オブジェクトにリンクします。
Effekseer.lib(Effekseer.EffectNodeTrack.obj) : warning LNK4099: PDB 'effekseer.pdb' が 'Effekseer.lib(Effekseer.EffectNodeTrack.obj)' で、または '\\Mac\Home\Documents\private\HAL\教科\GM32\週プレ\Debug\effekseer.pdb' に見つかりません。デバッグ情報がないものとして、オブジェクトにリンクします。
Effekseer.lib(Effekseer.FCurves.obj) : warning LNK4099: PDB 'effekseer.pdb' が 'Effekseer.lib(Effekseer.FCurves.obj)' で、または '\\Mac\Home\Documents\private\HAL\教科\GM32\週プレ\Debug\effekseer.pdb' に見つかりません。デバッグ情報がないものとして、オブジェクトにリンクします。
Effekseer.lib(Effekseer.Instance.obj) : warning LNK4099: PDB 'effekseer.pdb' が 'Effekseer.lib(Effekseer.Instance.obj)' で、または '\\Mac\Home\Documents\private\HAL\教科\GM32\週プレ\Debug\effekseer.pdb' に見つかりません。デバッグ情報がないものとして、オブジェクトにリンクします。
Effekseer.lib(Effekseer.InstanceContainer.obj) : warning LNK4099: PDB 'effekseer.pdb' が 'Effekseer.lib(Effekseer.InstanceContainer.obj)' で、または '\\Mac\Home\Documents\private\HAL\教科\GM32\週プレ\Debug\effekseer.pdb' に見つかりません。デバッグ情報がないものとして、オブジェクトにリンクします。
Effekseer.lib(Effekseer.InstanceGlobal.obj) : warning LNK4099: PDB 'effekseer.pdb' が 'Effekseer.lib(Effekseer.InstanceGlobal.obj)' で、または '\\Mac\Home\Documents\private\HAL\教科\GM32\週プレ\Debug\effekseer.pdb' に見つかりません。デバッグ情報がないものとして、オブジェクトにリンクします。
Effekseer.lib(Effekseer.InstanceGroup.obj) : warning LNK4099: PDB 'effekseer.pdb' が 'Effekseer.lib(Effekseer.InstanceGroup.obj)' で、または '\\Mac\Home\Documents\private\HAL\教科\GM32\週プレ\Debug\effekseer.pdb' に見つかりません。デバッグ情報がないものとして、オブジェクトにリンクします。
Effekseer.lib(Effekseer.Manager.obj) : warning LNK4099: PDB 'effekseer.pdb' が 'Effekseer.lib(Effekseer.Manager.obj)' で、または '\\Mac\Home\Documents\private\HAL\教科\GM32\週プレ\Debug\effekseer.pdb' に見つかりません。デバッグ情報がないものとして、オブジェクトにリンクします。
Effekseer.lib(Effekseer.Matrix43.obj) : warning LNK4099: PDB 'effekseer.pdb' が 'Effekseer.lib(Effekseer.Matrix43.obj)' で、または '\\Mac\Home\Documents\private\HAL\教科\GM32\週プレ\Debug\effekseer.pdb' に見つかりません。デバッグ情報がないものとして、オブジェクトにリンクします。
Effekseer.lib(Effekseer.Matrix44.obj) : warning LNK4099: PDB 'effekseer.pdb' が 'Effekseer.lib(Effekseer.Matrix44.obj)' で、または '\\Mac\Home\Documents\private\HAL\教科\GM32\週プレ\Debug\effekseer.pdb' に見つかりません。デバッグ情報がないものとして、オブジェクトにリンクします。
Effekseer.lib(Effekseer.RectF.obj) : warning LNK4099: PDB 'effekseer.pdb' が 'Effekseer.lib(Effekseer.RectF.obj)' で、または '\\Mac\Home\Documents\private\HAL\教科\GM32\週プレ\Debug\effekseer.pdb' に見つかりません。デバッグ情報がないものとして、オブジェクトにリンクします。
Effekseer.lib(Effekseer.Setting.obj) : warning LNK4099: PDB 'effekseer.pdb' が 'Effekseer.lib(Effekseer.Setting.obj)' で、または '\\Mac\Home\Documents\private\HAL\教科\GM32\週プレ\Debug\effekseer.pdb' に見つかりません。デバッグ情報がないものとして、オブジェクトにリンクします。
Effekseer.lib(Effekseer.Vector2D.obj) : warning LNK4099: PDB 'effekseer.pdb' が 'Effekseer.lib(Effekseer.Vector2D.obj)' で、または '\\Mac\Home\Documents\private\HAL\教科\GM32\週プレ\Debug\effekseer.pdb' に見つかりません。デバッグ情報がないものとして、オブジェクトにリンクします。
Effekseer.lib(Effekseer.Vector3D.obj) : warning LNK4099: PDB 'effekseer.pdb' が 'Effekseer.lib(Effekseer.Vector3D.obj)' で、または '\\Mac\Home\Documents\private\HAL\教科\GM32\週プレ\Debug\effekseer.pdb' に見つかりません。デバッグ情報がないものとして、オブジェクトにリンクします。
Effekseer.lib(Culling3D.Grid.obj) : warning LNK4099: PDB 'effekseer.pdb' が 'Effekseer.lib(Culling3D.Grid.obj)' で、または '\\Mac\Home\Documents\private\HAL\教科\GM32\週プレ\Debug\effekseer.pdb' に見つかりません。デバッグ情報がないものとして、オブジェクトにリンクします。
Effekseer.lib(Culling3D.Layer.obj) : warning LNK4099: PDB 'effekseer.pdb' が 'Effekseer.lib(Culling3D.Layer.obj)' で、または '\\Mac\Home\Documents\private\HAL\教科\GM32\週プレ\Debug\effekseer.pdb' に見つかりません。デバッグ情報がないものとして、オブジェクトにリンクします。
Effekseer.lib(Culling3D.Matrix44.obj) : warning LNK4099: PDB 'effekseer.pdb' が 'Effekseer.lib(Culling3D.Matrix44.obj)' で、または '\\Mac\Home\Documents\private\HAL\教科\GM32\週プレ\Debug\effekseer.pdb' に見つかりません。デバッグ情報がないものとして、オブジェクトにリンクします。
Effekseer.lib(Culling3D.ObjectInternal.obj) : warning LNK4099: PDB 'effekseer.pdb' が 'Effekseer.lib(Culling3D.ObjectInternal.obj)' で、または '\\Mac\Home\Documents\private\HAL\教科\GM32\週プレ\Debug\effekseer.pdb' に見つかりません。デバッグ情報がないものとして、オブジェクトにリンクします。
Effekseer.lib(Culling3D.ReferenceObject.obj) : warning LNK4099: PDB 'effekseer.pdb' が 'Effekseer.lib(Culling3D.ReferenceObject.obj)' で、または '\\Mac\Home\Documents\private\HAL\教科\GM32\週プレ\Debug\effekseer.pdb' に見つかりません。デバッグ情報がないものとして、オブジェクトにリンクします。
Effekseer.lib(Culling3D.Vector3DF.obj) : warning LNK4099: PDB 'effekseer.pdb' が 'Effekseer.lib(Culling3D.Vector3DF.obj)' で、または '\\Mac\Home\Documents\private\HAL\教科\GM32\週プレ\Debug\effekseer.pdb' に見つかりません。デバッグ情報がないものとして、オブジェクトにリンクします。
Effekseer.lib(Culling3D.WorldInternal.obj) : warning LNK4099: PDB 'effekseer.pdb' が 'Effekseer.lib(Culling3D.WorldInternal.obj)' で、または '\\Mac\Home\Documents\private\HAL\教科\GM32\週プレ\Debug\effekseer.pdb' に見つかりません。デバッグ情報がないものとして、オブジェクトにリンクします。
EffekseerRendererDX9.lib(EffekseerRendererDX9.DeviceObject.obj) : warning LNK4099: PDB 'effekseer_renderer_dx9.pdb' が 'EffekseerRendererDX9.lib(EffekseerRendererDX9.DeviceObject.obj)' で、または '\\Mac\Home\Documents\private\HAL\教科\GM32\週プレ\Debug\effekseer_renderer_dx9.pdb' に見つかりません。デバッグ情報がないものとして、オブジェクトにリンクします。
EffekseerRendererDX9.lib(EffekseerRendererDX9.IndexBuffer.obj) : warning LNK4099: PDB 'effekseer_renderer_dx9.pdb' が 'EffekseerRendererDX9.lib(EffekseerRendererDX9.IndexBuffer.obj)' で、または '\\Mac\Home\Documents\private\HAL\教科\GM32\週プレ\Debug\effekseer_renderer_dx9.pdb' に見つかりません。デバッグ情報がないものとして、オブジェクトにリンクします。
EffekseerRendererDX9.lib(EffekseerRendererDX9.ModelLoader.obj) : warning LNK4099: PDB 'effekseer_renderer_dx9.pdb' が 'EffekseerRendererDX9.lib(EffekseerRendererDX9.ModelLoader.obj)' で、または '\\Mac\Home\Documents\private\HAL\教科\GM32\週プレ\Debug\effekseer_renderer_dx9.pdb' に見つかりません。デバッグ情報がないものとして、オブジェクトにリンクします。
EffekseerRendererDX9.lib(EffekseerRendererDX9.ModelRenderer.obj) : warning LNK4099: PDB 'effekseer_renderer_dx9.pdb' が 'EffekseerRendererDX9.lib(EffekseerRendererDX9.ModelRenderer.obj)' で、または '\\Mac\Home\Documents\private\HAL\教科\GM32\週プレ\Debug\effekseer_renderer_dx9.pdb' に見つかりません。デバッグ情報がないものとして、オブジェクトにリンクします。
EffekseerRendererDX9.lib(EffekseerRendererDX9.Renderer.obj) : warning LNK4099: PDB 'effekseer_renderer_dx9.pdb' が 'EffekseerRendererDX9.lib(EffekseerRendererDX9.Renderer.obj)' で、または '\\Mac\Home\Documents\private\HAL\教科\GM32\週プレ\Debug\effekseer_renderer_dx9.pdb' に見つかりません。デバッグ情報がないものとして、オブジェクトにリンクします。
EffekseerRendererDX9.lib(EffekseerRendererDX9.RenderState.obj) : warning LNK4099: PDB 'effekseer_renderer_dx9.pdb' が 'EffekseerRendererDX9.lib(EffekseerRendererDX9.RenderState.obj)' で、または '\\Mac\Home\Documents\private\HAL\教科\GM32\週プレ\Debug\effekseer_renderer_dx9.pdb' に見つかりません。デバッグ情報がないものとして、オブジェクトにリンクします。
EffekseerRendererDX9.lib(EffekseerRendererDX9.RibbonRenderer.obj) : warning LNK4099: PDB 'effekseer_renderer_dx9.pdb' が 'EffekseerRendererDX9.lib(EffekseerRendererDX9.RibbonRenderer.obj)' で、または '\\Mac\Home\Documents\private\HAL\教科\GM32\週プレ\Debug\effekseer_renderer_dx9.pdb' に見つかりません。デバッグ情報がないものとして、オブジェクトにリンクします。
EffekseerRendererDX9.lib(EffekseerRendererDX9.RingRenderer.obj) : warning LNK4099: PDB 'effekseer_renderer_dx9.pdb' が 'EffekseerRendererDX9.lib(EffekseerRendererDX9.RingRenderer.obj)' で、または '\\Mac\Home\Documents\private\HAL\教科\GM32\週プレ\Debug\effekseer_renderer_dx9.pdb' に見つかりません。デバッグ情報がないものとして、オブジェクトにリンクします。
EffekseerRendererDX9.lib(EffekseerRendererDX9.Shader.obj) : warning LNK4099: PDB 'effekseer_renderer_dx9.pdb' が 'EffekseerRendererDX9.lib(EffekseerRendererDX9.Shader.obj)' で、または '\\Mac\Home\Documents\private\HAL\教科\GM32\週プレ\Debug\effekseer_renderer_dx9.pdb' に見つかりません。デバッグ情報がないものとして、オブジェクトにリンクします。
EffekseerRendererDX9.lib(EffekseerRendererDX9.SpriteRenderer.obj) : warning LNK4099: PDB 'effekseer_renderer_dx9.pdb' が 'EffekseerRendererDX9.lib(EffekseerRendererDX9.SpriteRenderer.obj)' で、または '\\Mac\Home\Documents\private\HAL\教科\GM32\週プレ\Debug\effekseer_renderer_dx9.pdb' に見つかりません。デバッグ情報がないものとして、オブジェクトにリンクします。
EffekseerRendererDX9.lib(EffekseerRendererDX9.TextureLoader.obj) : warning LNK4099: PDB 'effekseer_renderer_dx9.pdb' が 'EffekseerRendererDX9.lib(EffekseerRendererDX9.TextureLoader.obj)' で、または '\\Mac\Home\Documents\private\HAL\教科\GM32\週プレ\Debug\effekseer_renderer_dx9.pdb' に見つかりません。デバッグ情報がないものとして、オブジェクトにリンクします。
EffekseerRendererDX9.lib(EffekseerRendererDX9.TrackRenderer.obj) : warning LNK4099: PDB 'effekseer_renderer_dx9.pdb' が 'EffekseerRendererDX9.lib(EffekseerRendererDX9.TrackRenderer.obj)' で、または '\\Mac\Home\Documents\private\HAL\教科\GM32\週プレ\Debug\effekseer_renderer_dx9.pdb' に見つかりません。デバッグ情報がないものとして、オブジェクトにリンクします。
EffekseerRendererDX9.lib(EffekseerRendererDX9.VertexBuffer.obj) : warning LNK4099: PDB 'effekseer_renderer_dx9.pdb' が 'EffekseerRendererDX9.lib(EffekseerRendererDX9.VertexBuffer.obj)' で、または '\\Mac\Home\Documents\private\HAL\教科\GM32\週プレ\Debug\effekseer_renderer_dx9.pdb' に見つかりません。デバッグ情報がないものとして、オブジェクトにリンクします。
EffekseerRendererDX9.lib(EffekseerRenderer.IndexBufferBase.obj) : warning LNK4099: PDB 'effekseer_renderer_dx9.pdb' が 'EffekseerRendererDX9.lib(EffekseerRenderer.IndexBufferBase.obj)' で、または '\\Mac\Home\Documents\private\HAL\教科\GM32\週プレ\Debug\effekseer_renderer_dx9.pdb' に見つかりません。デバッグ情報がないものとして、オブジェクトにリンクします。
EffekseerRendererDX9.lib(EffekseerRenderer.ModelRendererBase.obj) : warning LNK4099: PDB 'effekseer_renderer_dx9.pdb' が 'EffekseerRendererDX9.lib(EffekseerRenderer.ModelRendererBase.obj)' で、または '\\Mac\Home\Documents\private\HAL\教科\GM32\週プレ\Debug\effekseer_renderer_dx9.pdb' に見つかりません。デバッグ情報がないものとして、オブジェクトにリンクします。
EffekseerRendererDX9.lib(EffekseerRenderer.RenderStateBase.obj) : warning LNK4099: PDB 'effekseer_renderer_dx9.pdb' が 'EffekseerRendererDX9.lib(EffekseerRenderer.RenderStateBase.obj)' で、または '\\Mac\Home\Documents\private\HAL\教科\GM32\週プレ\Debug\effekseer_renderer_dx9.pdb' に見つかりません。デバッグ情報がないものとして、オブジェクトにリンクします。
EffekseerRendererDX9.lib(EffekseerRenderer.RibbonRendererBase.obj) : warning LNK4099: PDB 'effekseer_renderer_dx9.pdb' が 'EffekseerRendererDX9.lib(EffekseerRenderer.RibbonRendererBase.obj)' で、または '\\Mac\Home\Documents\private\HAL\教科\GM32\週プレ\Debug\effekseer_renderer_dx9.pdb' に見つかりません。デバッグ情報がないものとして、オブジェクトにリンクします。
EffekseerRendererDX9.lib(EffekseerRenderer.RingRendererBase.obj) : warning LNK4099: PDB 'effekseer_renderer_dx9.pdb' が 'EffekseerRendererDX9.lib(EffekseerRenderer.RingRendererBase.obj)' で、または '\\Mac\Home\Documents\private\HAL\教科\GM32\週プレ\Debug\effekseer_renderer_dx9.pdb' に見つかりません。デバッグ情報がないものとして、オブジェクトにリンクします。
EffekseerRendererDX9.lib(EffekseerRenderer.SpriteRendererBase.obj) : warning LNK4099: PDB 'effekseer_renderer_dx9.pdb' が 'EffekseerRendererDX9.lib(EffekseerRenderer.SpriteRendererBase.obj)' で、または '\\Mac\Home\Documents\private\HAL\教科\GM32\週プレ\Debug\effekseer_renderer_dx9.pdb' に見つかりません。デバッグ情報がないものとして、オブジェクトにリンクします。
EffekseerRendererDX9.lib(EffekseerRenderer.TrackRendererBase.obj) : warning LNK4099: PDB 'effekseer_renderer_dx9.pdb' が 'EffekseerRendererDX9.lib(EffekseerRenderer.TrackRendererBase.obj)' で、または '\\Mac\Home\Documents\private\HAL\教科\GM32\週プレ\Debug\effekseer_renderer_dx9.pdb' に見つかりません。デバッグ情報がないものとして、オブジェクトにリンクします。
EffekseerRendererDX9.lib(EffekseerRenderer.VertexBufferBase.obj) : warning LNK4099: PDB 'effekseer_renderer_dx9.pdb' が 'EffekseerRendererDX9.lib(EffekseerRenderer.VertexBufferBase.obj)' で、または '\\Mac\Home\Documents\private\HAL\教科\GM32\週プレ\Debug\effekseer_renderer_dx9.pdb' に見つかりません。デバッグ情報がないものとして、オブジェクトにリンクします。
EffekseerRendererDX9.lib(EffekseerRenderer.DXTK.DDSTextureLoader.obj) : warning LNK4099: PDB 'effekseer_renderer_dx9.pdb' が 'EffekseerRendererDX9.lib(EffekseerRenderer.DXTK.DDSTextureLoader.obj)' で、または '\\Mac\Home\Documents\private\HAL\教科\GM32\週プレ\Debug\effekseer_renderer_dx9.pdb' に見つかりません。デバッグ情報がないものとして、オブジェクトにリンクします。
EffekseerRendererDX9.lib(EffekseerRenderer.PngTextureLoader.obj) : warning LNK4099: PDB 'effekseer_renderer_dx9.pdb' が 'EffekseerRendererDX9.lib(EffekseerRenderer.PngTextureLoader.obj)' で、または '\\Mac\Home\Documents\private\HAL\教科\GM32\週プレ\Debug\effekseer_renderer_dx9.pdb' に見つかりません。デバッグ情報がないものとして、オブジェクトにリンクします。
  週プレ.vcxproj -> \\Mac\Home\Documents\private\HAL\教科\GM32\週プレ\Debug\週プレ.exe
  週プレ.vcxproj -> \\Mac\Home\Documents\private\HAL\教科\GM32\週プレ\Debug\週プレ.pdb (Full PDB)
