\\mac\home\desktop\週プレ\週プレ\debug\vc120.pdb
\\mac\home\desktop\週プレ\週プレ\debug\vc120.idb
\\mac\home\desktop\週プレ\週プレ\debug\renderer.obj
\\mac\home\desktop\週プレ\週プレ\debug\result.obj
\\mac\home\desktop\週プレ\週プレ\debug\rulemanager.obj
\\mac\home\desktop\週プレ\週プレ\debug\scene.obj
\\mac\home\desktop\週プレ\週プレ\debug\scene2d.obj
\\mac\home\desktop\週プレ\週プレ\debug\scene2danimation.obj
\\mac\home\desktop\週プレ\週プレ\debug\scene2dwl.obj
\\mac\home\desktop\週プレ\週プレ\debug\scene2dwlanimation.obj
\\mac\home\desktop\週プレ\週プレ\debug\scene3d.obj
\\mac\home\desktop\週プレ\週プレ\debug\scenebillboard.obj
\\mac\home\desktop\週プレ\週プレ\debug\scenerect.obj
\\mac\home\desktop\週プレ\週プレ\debug\scenexfile.obj
\\mac\home\desktop\週プレ\週プレ\debug\score.obj
\\mac\home\desktop\週プレ\週プレ\debug\sky.obj
\\mac\home\desktop\週プレ\週プレ\debug\sound.obj
\\mac\home\desktop\週プレ\週プレ\debug\split.obj
\\mac\home\desktop\週プレ\週プレ\debug\stage.obj
\\mac\home\desktop\週プレ\週プレ\debug\stencilshadow.obj
\\mac\home\desktop\週プレ\週プレ\debug\texture.obj
\\mac\home\desktop\週プレ\週プレ\debug\title.obj
\\mac\home\desktop\週プレ\週プレ\debug\fadecontroller.obj
\\mac\home\desktop\週プレ\週プレ\debug\game.obj
\\mac\home\desktop\週プレ\週プレ\debug\gui.obj
\\mac\home\desktop\週プレ\週プレ\debug\guipanel.obj
\\mac\home\desktop\週プレ\週プレ\debug\guistring.obj
\\mac\home\desktop\週プレ\週プレ\debug\input.obj
\\mac\home\desktop\週プレ\週プレ\debug\irregularityfield.obj
\\mac\home\desktop\週プレ\週プレ\debug\item.obj
\\mac\home\desktop\週プレ\週プレ\debug\light.obj
\\mac\home\desktop\週プレ\週プレ\debug\load.obj
\\mac\home\desktop\週プレ\週プレ\debug\main.obj
\\mac\home\desktop\週プレ\週プレ\debug\manager.obj
\\mac\home\desktop\週プレ\週プレ\debug\mode.obj
\\mac\home\desktop\週プレ\週プレ\debug\model.obj
\\mac\home\desktop\週プレ\週プレ\debug\motion.obj
\\mac\home\desktop\週プレ\週プレ\debug\motionload.obj
\\mac\home\desktop\週プレ\週プレ\debug\music.obj
\\mac\home\desktop\週プレ\週プレ\debug\normalfade.obj
\\mac\home\desktop\週プレ\週プレ\debug\number.obj
\\mac\home\desktop\週プレ\週プレ\debug\player.obj
\\mac\home\desktop\週プレ\週プレ\debug\bullet.obj
\\mac\home\desktop\週プレ\週プレ\debug\camera.obj
\\mac\home\desktop\週プレ\週プレ\debug\collision.obj
\\mac\home\desktop\週プレ\週プレ\debug\collisiondetection.obj
\\mac\home\desktop\週プレ\週プレ\debug\debugproc.obj
\\mac\home\desktop\週プレ\週プレ\debug\effectmanager.obj
\\mac\home\desktop\週プレ\週プレ\debug\enemy.obj
\\mac\home\desktop\週プレ\週プレ\debug\eracestring.obj
\\mac\home\desktop\週プレ\週プレ\debug\fade.obj
\\mac\home\desktop\private\週プレ\週プレ\debug\vc120.pdb
\\mac\home\desktop\private\週プレ\週プレ\debug\vc120.idb
\\mac\home\desktop\private\週プレ\週プレ\debug\renderer.obj
\\mac\home\desktop\private\週プレ\週プレ\debug\scene.obj
\\mac\home\desktop\private\週プレ\週プレ\debug\scene2d.obj
\\mac\home\desktop\private\週プレ\週プレ\debug\scene2danimation.obj
\\mac\home\desktop\private\週プレ\週プレ\debug\scene2dwl.obj
\\mac\home\desktop\private\週プレ\週プレ\debug\scene2dwlanimation.obj
\\mac\home\desktop\private\週プレ\週プレ\debug\scenebillboard.obj
\\mac\home\desktop\private\週プレ\週プレ\debug\scenerect.obj
\\mac\home\desktop\private\週プレ\週プレ\debug\scenexfile.obj
\\mac\home\desktop\private\週プレ\週プレ\debug\sound.obj
\\mac\home\desktop\private\週プレ\週プレ\debug\split.obj
\\mac\home\desktop\private\週プレ\週プレ\debug\stencilshadow.obj
\\mac\home\desktop\private\週プレ\週プレ\debug\texture.obj
\\mac\home\desktop\private\週プレ\週プレ\debug\fadecontroller.obj
\\mac\home\desktop\private\週プレ\週プレ\debug\irregularityfield.obj
\\mac\home\desktop\private\週プレ\週プレ\debug\item.obj
\\mac\home\desktop\private\週プレ\週プレ\debug\light.obj
\\mac\home\desktop\private\週プレ\週プレ\debug\mode.obj
\\mac\home\desktop\private\週プレ\週プレ\debug\model.obj
\\mac\home\desktop\private\週プレ\週プレ\debug\motion.obj
\\mac\home\desktop\private\週プレ\週プレ\debug\motionload.obj
\\mac\home\desktop\private\週プレ\週プレ\debug\music.obj
\\mac\home\desktop\private\週プレ\週プレ\debug\player.obj
\\mac\home\desktop\private\週プレ\週プレ\debug\camera.obj
\\mac\home\desktop\private\週プレ\週プレ\debug\collision.obj
\\mac\home\desktop\private\週プレ\週プレ\debug\collisiondetection.obj
\\mac\home\desktop\private\週プレ\週プレ\debug\effectmanager.obj
\\mac\home\desktop\private\週プレ\週プレ\debug\eracestring.obj
\\mac\home\desktop\private\週プレ\週プレ\debug\fade.obj
\\mac\home\desktop\週プレ\debug\週プレ.pdb
\\mac\home\desktop\private\週プレ\週プレ\debug\canon.obj
\\mac\home\desktop\private\週プレ\週プレ\debug\crystal.obj
\\mac\home\desktop\private\週プレ\週プレ\debug\cube.obj
\\mac\home\desktop\private\週プレ\週プレ\debug\loading.obj
\\mac\home\desktop\private\週プレ\週プレ\debug\normalcube.obj
\\mac\home\desktop\private\週プレ\週プレ\debug\stageloader.obj
\\mac\home\desktop\private\週プレ\debug\週プレ.pdb
\\mac\home\desktop\private\週プレ\debug\週プレ.exe
\\mac\home\desktop\private\週プレ\debug\週プレ.ilk
\\mac\home\desktop\private\週プレ\週プレ\debug\週プレ.tlog\cl.command.1.tlog
\\mac\home\desktop\private\週プレ\週プレ\debug\週プレ.tlog\cl.read.1.tlog
\\mac\home\desktop\private\週プレ\週プレ\debug\週プレ.tlog\cl.write.1.tlog
\\mac\home\desktop\private\週プレ\週プレ\debug\週プレ.tlog\link.command.1.tlog
\\mac\home\desktop\private\週プレ\週プレ\debug\週プレ.tlog\link.read.1.tlog
\\mac\home\desktop\private\週プレ\週プレ\debug\週プレ.tlog\link.write.1.tlog
